2018/11/22 21:24:11 [I] Listing local sync dir, this can take a long time for big directory, please wait patiently
2018/11/22 21:24:11 [I] Walk `/mnt/c/Users/wsxq2/Documents/MY/workspace/wsxq2.github.io/_posts/images` start from 2018-11-22 21:24:11.288647777 +0800 CST m=+5.125019138
2018/11/22 21:24:11 [I] Walking through `/mnt/c/Users/wsxq2/Documents/MY/workspace/wsxq2.github.io/_posts/images`
2018/11/22 21:24:11 [I] Walk `/mnt/c/Users/wsxq2/Documents/MY/workspace/wsxq2.github.io/_posts/images` end at 2018-11-22 21:24:11.319235645 +0800 CST m=+5.155606807
2018/11/22 21:24:11 [I] Walk `/mnt/c/Users/wsxq2/Documents/MY/workspace/wsxq2.github.io/_posts/images` last for 30.683472ms
2018/11/22 21:24:11 [I] Total file count cached 17
2018/11/22 21:24:11 [I] Uploading file /mnt/c/Users/wsxq2/Documents/MY/workspace/wsxq2.github.io/_posts/images/DNS层次结构.png => wsxq2 : DNS层次结构.png
2018/11/22 21:24:11 [I] Upload file `/mnt/c/Users/wsxq2/Documents/MY/workspace/wsxq2.github.io/_posts/images/DNS层次结构.png` => `wsxq2 : DNS层次结构.png` success
2018/11/22 21:24:11 [I] Uploading file /mnt/c/Users/wsxq2/Documents/MY/workspace/wsxq2.github.io/_posts/images/UDP编程模型.png => wsxq2 : UDP编程模型.png
2018/11/22 21:24:12 [I] Uploading file /mnt/c/Users/wsxq2/Documents/MY/workspace/wsxq2.github.io/_posts/images/bwg => wsxq2 : bwg
2018/11/22 21:24:12 [I] Upload file `/mnt/c/Users/wsxq2/Documents/MY/workspace/wsxq2.github.io/_posts/images/UDP编程模型.png` => `wsxq2 : UDP编程模型.png` success
2018/11/22 21:24:12 [I] Uploading file /mnt/c/Users/wsxq2/Documents/MY/workspace/wsxq2.github.io/_posts/images/ss-qt5 => wsxq2 : ss-qt5
2018/11/22 21:24:12 [I] Upload file `/mnt/c/Users/wsxq2/Documents/MY/workspace/wsxq2.github.io/_posts/images/bwg` => `wsxq2 : bwg` success
2018/11/22 21:24:12 [I] Uploading file /mnt/c/Users/wsxq2/Documents/MY/workspace/wsxq2.github.io/_posts/images/upload.log => wsxq2 : upload.log
2018/11/22 21:24:12 [I] Uploading file /mnt/c/Users/wsxq2/Documents/MY/workspace/wsxq2.github.io/_posts/images/三个实体型之间的联系示例.png => wsxq2 : 三个实体型之间的联系示例.png
2018/11/22 21:24:12 [I] Upload file `/mnt/c/Users/wsxq2/Documents/MY/workspace/wsxq2.github.io/_posts/images/ss-qt5` => `wsxq2 : ss-qt5` success
2018/11/22 21:24:12 [I] Upload file `/mnt/c/Users/wsxq2/Documents/MY/workspace/wsxq2.github.io/_posts/images/upload.log` => `wsxq2 : upload.log` success
2018/11/22 21:24:12 [I] Uploading file /mnt/c/Users/wsxq2/Documents/MY/workspace/wsxq2.github.io/_posts/images/两个实体的三类联系.png => wsxq2 : 两个实体的三类联系.png
2018/11/22 21:24:12 [I] Upload file `/mnt/c/Users/wsxq2/Documents/MY/workspace/wsxq2.github.io/_posts/images/三个实体型之间的联系示例.png` => `wsxq2 : 三个实体型之间的联系示例.png` success
2018/11/22 21:24:12 [I] Uploading file /mnt/c/Users/wsxq2/Documents/MY/workspace/wsxq2.github.io/_posts/images/公交安全管理系统E-R图.png => wsxq2 : 公交安全管理系统E-R图.png
2018/11/22 21:24:12 [I] Upload file `/mnt/c/Users/wsxq2/Documents/MY/workspace/wsxq2.github.io/_posts/images/两个实体的三类联系.png` => `wsxq2 : 两个实体的三类联系.png` success
2018/11/22 21:24:12 [I] Uploading file /mnt/c/Users/wsxq2/Documents/MY/workspace/wsxq2.github.io/_posts/images/公交安全管理系统物理模型.jpeg => wsxq2 : 公交安全管理系统物理模型.jpeg
2018/11/22 21:24:12 [I] Upload file `/mnt/c/Users/wsxq2/Documents/MY/workspace/wsxq2.github.io/_posts/images/公交安全管理系统E-R图.png` => `wsxq2 : 公交安全管理系统E-R图.png` success
2018/11/22 21:24:12 [I] Uploading file /mnt/c/Users/wsxq2/Documents/MY/workspace/wsxq2.github.io/_posts/images/公交安全管理系统逻辑模型.jpeg => wsxq2 : 公交安全管理系统逻辑模型.jpeg
2018/11/22 21:24:12 [I] Uploading file /mnt/c/Users/wsxq2/Documents/MY/workspace/wsxq2.github.io/_posts/images/公交安全管理系统题目要求1.PNG => wsxq2 : 公交安全管理系统题目要求1.PNG
2018/11/22 21:24:12 [I] Upload file `/mnt/c/Users/wsxq2/Documents/MY/workspace/wsxq2.github.io/_posts/images/公交安全管理系统物理模型.jpeg` => `wsxq2 : 公交安全管理系统物理模型.jpeg` success
2018/11/22 21:24:12 [I] Uploading file /mnt/c/Users/wsxq2/Documents/MY/workspace/wsxq2.github.io/_posts/images/公交安全管理系统题目要求2.PNG => wsxq2 : 公交安全管理系统题目要求2.PNG
2018/11/22 21:24:12 [I] Upload file `/mnt/c/Users/wsxq2/Documents/MY/workspace/wsxq2.github.io/_posts/images/公交安全管理系统逻辑模型.jpeg` => `wsxq2 : 公交安全管理系统逻辑模型.jpeg` success
2018/11/22 21:24:13 [I] Uploading file /mnt/c/Users/wsxq2/Documents/MY/workspace/wsxq2.github.io/_posts/images/公交安全管理系统题目要求3.PNG => wsxq2 : 公交安全管理系统题目要求3.PNG
2018/11/22 21:24:13 [I] Upload file `/mnt/c/Users/wsxq2/Documents/MY/workspace/wsxq2.github.io/_posts/images/公交安全管理系统题目要求1.PNG` => `wsxq2 : 公交安全管理系统题目要求1.PNG` success
2018/11/22 21:24:13 [I] Uploading file /mnt/c/Users/wsxq2/Documents/MY/workspace/wsxq2.github.io/_posts/images/公交安全管理系统题目要求4.PNG => wsxq2 : 公交安全管理系统题目要求4.PNG
2018/11/22 21:24:13 [I] Upload file `/mnt/c/Users/wsxq2/Documents/MY/workspace/wsxq2.github.io/_posts/images/公交安全管理系统题目要求2.PNG` => `wsxq2 : 公交安全管理系统题目要求2.PNG` success
2018/11/22 21:24:13 [I] Upload file `/mnt/c/Users/wsxq2/Documents/MY/workspace/wsxq2.github.io/_posts/images/公交安全管理系统题目要求3.PNG` => `wsxq2 : 公交安全管理系统题目要求3.PNG` success
2018/11/22 21:24:13 [I] Uploading file /mnt/c/Users/wsxq2/Documents/MY/workspace/wsxq2.github.io/_posts/images/单个实体型内的一对多联系示例.png => wsxq2 : 单个实体型内的一对多联系示例.png
2018/11/22 21:24:13 [I] Upload file `/mnt/c/Users/wsxq2/Documents/MY/workspace/wsxq2.github.io/_posts/images/公交安全管理系统题目要求4.PNG` => `wsxq2 : 公交安全管理系统题目要求4.PNG` success
2018/11/22 21:24:13 [I] Uploading file /mnt/c/Users/wsxq2/Documents/MY/workspace/wsxq2.github.io/_posts/images/完整的E-R图.png => wsxq2 : 完整的E-R图.png
2018/11/22 21:24:13 [I] Upload file `/mnt/c/Users/wsxq2/Documents/MY/workspace/wsxq2.github.io/_posts/images/单个实体型内的一对多联系示例.png` => `wsxq2 : 单个实体型内的一对多联系示例.png` success
2018/11/22 21:24:13 [I] Uploading file /mnt/c/Users/wsxq2/Documents/MY/workspace/wsxq2.github.io/_posts/images/联系的属性.png => wsxq2 : 联系的属性.png
2018/11/22 21:24:13 [I] Upload file `/mnt/c/Users/wsxq2/Documents/MY/workspace/wsxq2.github.io/_posts/images/完整的E-R图.png` => `wsxq2 : 完整的E-R图.png` success
2018/11/22 21:24:14 [I] Upload file `/mnt/c/Users/wsxq2/Documents/MY/workspace/wsxq2.github.io/_posts/images/联系的属性.png` => `wsxq2 : 联系的属性.png` success
2018/11/22 21:24:14 [I] -------------Upload Result--------------
2018/11/22 21:24:14 [I]               Total:        17
2018/11/22 21:24:14 [I]             Success:        17
2018/11/22 21:24:14 [I]             Failure:         0
2018/11/22 21:24:14 [I]        NotOverwrite:         0
2018/11/22 21:24:14 [I]             Skipped:         0
2018/11/22 21:24:14 [I]            Duration:   7.846404734s
2018/11/22 21:24:14 [I] ----------------------------------------
2018/11/22 21:27:07 [I] Listing local sync dir, this can take a long time for big directory, please wait patiently
2018/11/22 21:27:07 [I] Walk `/mnt/c/Users/wsxq2/Documents/MY/workspace/wsxq2.github.io/_posts/images` start from 2018-11-22 21:27:07.266412126 +0800 CST m=+0.099177301
2018/11/22 21:27:07 [I] Walking through `/mnt/c/Users/wsxq2/Documents/MY/workspace/wsxq2.github.io/_posts/images`
2018/11/22 21:27:07 [I] Walk `/mnt/c/Users/wsxq2/Documents/MY/workspace/wsxq2.github.io/_posts/images` end at 2018-11-22 21:27:07.28512955 +0800 CST m=+0.117894714
2018/11/22 21:27:07 [I] Walk `/mnt/c/Users/wsxq2/Documents/MY/workspace/wsxq2.github.io/_posts/images` last for 18.783476ms
2018/11/22 21:27:07 [I] Total file count cached 17
2018/11/22 21:27:07 [I] File `DNS层次结构.png` exists in bucket, hash match, ignore this upload
2018/11/22 21:27:07 [I] File `UDP编程模型.png` exists in bucket, hash match, ignore this upload
2018/11/22 21:27:07 [I] File `bwg` exists in bucket, hash match, ignore this upload
2018/11/22 21:27:07 [I] File `ss-qt5` exists in bucket, hash match, ignore this upload
2018/11/22 21:27:07 [I] File `upload.log` exists in bucket, but hash not match, go to upload
2018/11/22 21:27:07 [I] Uploading file /mnt/c/Users/wsxq2/Documents/MY/workspace/wsxq2.github.io/_posts/images/upload.log => wsxq2 : upload.log
2018/11/22 21:27:07 [I] File `三个实体型之间的联系示例.png` exists in bucket, hash match, ignore this upload
2018/11/22 21:27:07 [I] Upload file `/mnt/c/Users/wsxq2/Documents/MY/workspace/wsxq2.github.io/_posts/images/upload.log` => `wsxq2 : upload.log` success
2018/11/22 21:27:07 [I] File `两个实体的三类联系.png` exists in bucket, hash match, ignore this upload
2018/11/22 21:27:07 [I] File `公交安全管理系统E-R图.png` exists in bucket, but hash not match, go to upload
2018/11/22 21:27:07 [I] Uploading file /mnt/c/Users/wsxq2/Documents/MY/workspace/wsxq2.github.io/_posts/images/公交安全管理系统E-R图.png => wsxq2 : 公交安全管理系统E-R图.png
2018/11/22 21:27:07 [I] File `公交安全管理系统物理模型.jpeg` exists in bucket, but hash not match, go to upload
2018/11/22 21:27:07 [I] Uploading file /mnt/c/Users/wsxq2/Documents/MY/workspace/wsxq2.github.io/_posts/images/公交安全管理系统物理模型.jpeg => wsxq2 : 公交安全管理系统物理模型.jpeg
2018/11/22 21:27:08 [I] File `公交安全管理系统逻辑模型.jpeg` exists in bucket, but hash not match, go to upload
2018/11/22 21:27:08 [I] Uploading file /mnt/c/Users/wsxq2/Documents/MY/workspace/wsxq2.github.io/_posts/images/公交安全管理系统逻辑模型.jpeg => wsxq2 : 公交安全管理系统逻辑模型.jpeg
2018/11/22 21:27:08 [I] Upload file `/mnt/c/Users/wsxq2/Documents/MY/workspace/wsxq2.github.io/_posts/images/公交安全管理系统E-R图.png` => `wsxq2 : 公交安全管理系统E-R图.png` success
2018/11/22 21:27:08 [I] File `公交安全管理系统题目要求1.PNG` exists in bucket, hash match, ignore this upload
2018/11/22 21:27:08 [I] File `公交安全管理系统题目要求2.PNG` exists in bucket, hash match, ignore this upload
2018/11/22 21:27:08 [I] File `公交安全管理系统题目要求3.PNG` exists in bucket, hash match, ignore this upload
2018/11/22 21:27:08 [I] File `公交安全管理系统题目要求4.PNG` exists in bucket, but hash not match, go to upload
2018/11/22 21:27:08 [I] Uploading file /mnt/c/Users/wsxq2/Documents/MY/workspace/wsxq2.github.io/_posts/images/公交安全管理系统题目要求4.PNG => wsxq2 : 公交安全管理系统题目要求4.PNG
2018/11/22 21:27:09 [I] Upload file `/mnt/c/Users/wsxq2/Documents/MY/workspace/wsxq2.github.io/_posts/images/公交安全管理系统物理模型.jpeg` => `wsxq2 : 公交安全管理系统物理模型.jpeg` success
2018/11/22 21:27:09 [I] File `单个实体型内的一对多联系示例.png` exists in bucket, hash match, ignore this upload
2018/11/22 21:27:09 [I] Upload file `/mnt/c/Users/wsxq2/Documents/MY/workspace/wsxq2.github.io/_posts/images/公交安全管理系统逻辑模型.jpeg` => `wsxq2 : 公交安全管理系统逻辑模型.jpeg` success
2018/11/22 21:27:09 [I] Upload file `/mnt/c/Users/wsxq2/Documents/MY/workspace/wsxq2.github.io/_posts/images/公交安全管理系统题目要求4.PNG` => `wsxq2 : 公交安全管理系统题目要求4.PNG` success
2018/11/22 21:27:10 [I] File `完整的E-R图.png` exists in bucket, hash match, ignore this upload
2018/11/22 21:27:10 [I] File `联系的属性.png` exists in bucket, hash match, ignore this upload
2018/11/22 21:27:10 [I] -------------Upload Result--------------
2018/11/22 21:27:10 [I]               Total:        17
2018/11/22 21:27:10 [I]             Success:         5
2018/11/22 21:27:10 [I]             Failure:         0
2018/11/22 21:27:10 [I]        NotOverwrite:         0
2018/11/22 21:27:10 [I]             Skipped:        12
2018/11/22 21:27:10 [I]            Duration:   2.997988204s
2018/11/22 21:27:10 [I] ----------------------------------------
2018/11/22 21:32:08 [I] Listing local sync dir, this can take a long time for big directory, please wait patiently
2018/11/22 21:32:08 [I] Walk `/mnt/c/Users/wsxq2/Documents/MY/workspace/wsxq2.github.io/_posts/images` start from 2018-11-22 21:32:08.780480846 +0800 CST m=+0.105626903
2018/11/22 21:32:08 [I] Walking through `/mnt/c/Users/wsxq2/Documents/MY/workspace/wsxq2.github.io/_posts/images`
2018/11/22 21:32:08 [I] Walk `/mnt/c/Users/wsxq2/Documents/MY/workspace/wsxq2.github.io/_posts/images` end at 2018-11-22 21:32:08.804750006 +0800 CST m=+0.129896062
2018/11/22 21:32:08 [I] Walk `/mnt/c/Users/wsxq2/Documents/MY/workspace/wsxq2.github.io/_posts/images` last for 24.385867ms
2018/11/22 21:32:08 [I] Total file count cached 17
2018/11/22 21:32:09 [I] Uploading file /mnt/c/Users/wsxq2/Documents/MY/workspace/wsxq2.github.io/_posts/images/DNS层次结构.png => wsxq2 : DNS层次结构.png
2018/11/22 21:32:09 [I] Uploading file /mnt/c/Users/wsxq2/Documents/MY/workspace/wsxq2.github.io/_posts/images/UDP编程模型.png => wsxq2 : UDP编程模型.png
2018/11/22 21:32:09 [I] Uploading file /mnt/c/Users/wsxq2/Documents/MY/workspace/wsxq2.github.io/_posts/images/bwg => wsxq2 : bwg
2018/11/22 21:32:09 [I] Upload file `/mnt/c/Users/wsxq2/Documents/MY/workspace/wsxq2.github.io/_posts/images/DNS层次结构.png` => `wsxq2 : DNS层次结构.png` success
2018/11/22 21:32:09 [I] Uploading file /mnt/c/Users/wsxq2/Documents/MY/workspace/wsxq2.github.io/_posts/images/ss-qt5 => wsxq2 : ss-qt5
2018/11/22 21:32:09 [I] Upload file `/mnt/c/Users/wsxq2/Documents/MY/workspace/wsxq2.github.io/_posts/images/UDP编程模型.png` => `wsxq2 : UDP编程模型.png` success
2018/11/22 21:32:09 [I] Uploading file /mnt/c/Users/wsxq2/Documents/MY/workspace/wsxq2.github.io/_posts/images/upload.log => wsxq2 : upload.log
2018/11/22 21:32:09 [I] Upload file `/mnt/c/Users/wsxq2/Documents/MY/workspace/wsxq2.github.io/_posts/images/bwg` => `wsxq2 : bwg` success
2018/11/22 21:32:09 [I] Uploading file /mnt/c/Users/wsxq2/Documents/MY/workspace/wsxq2.github.io/_posts/images/三个实体型之间的联系示例.png => wsxq2 : 三个实体型之间的联系示例.png
2018/11/22 21:32:09 [I] Upload file `/mnt/c/Users/wsxq2/Documents/MY/workspace/wsxq2.github.io/_posts/images/ss-qt5` => `wsxq2 : ss-qt5` success
2018/11/22 21:32:09 [I] Upload file `/mnt/c/Users/wsxq2/Documents/MY/workspace/wsxq2.github.io/_posts/images/upload.log` => `wsxq2 : upload.log` success
2018/11/22 21:32:09 [I] Uploading file /mnt/c/Users/wsxq2/Documents/MY/workspace/wsxq2.github.io/_posts/images/两个实体的三类联系.png => wsxq2 : 两个实体的三类联系.png
2018/11/22 21:32:09 [I] Uploading file /mnt/c/Users/wsxq2/Documents/MY/workspace/wsxq2.github.io/_posts/images/公交安全管理系统E-R图.png => wsxq2 : 公交安全管理系统E-R图.png
2018/11/22 21:32:09 [I] Upload file `/mnt/c/Users/wsxq2/Documents/MY/workspace/wsxq2.github.io/_posts/images/三个实体型之间的联系示例.png` => `wsxq2 : 三个实体型之间的联系示例.png` success
2018/11/22 21:32:09 [I] Uploading file /mnt/c/Users/wsxq2/Documents/MY/workspace/wsxq2.github.io/_posts/images/公交安全管理系统物理模型.jpeg => wsxq2 : 公交安全管理系统物理模型.jpeg
2018/11/22 21:32:09 [I] Upload file `/mnt/c/Users/wsxq2/Documents/MY/workspace/wsxq2.github.io/_posts/images/两个实体的三类联系.png` => `wsxq2 : 两个实体的三类联系.png` success
2018/11/22 21:32:09 [I] Upload file `/mnt/c/Users/wsxq2/Documents/MY/workspace/wsxq2.github.io/_posts/images/公交安全管理系统E-R图.png` => `wsxq2 : 公交安全管理系统E-R图.png` success
2018/11/22 21:32:09 [I] Uploading file /mnt/c/Users/wsxq2/Documents/MY/workspace/wsxq2.github.io/_posts/images/公交安全管理系统逻辑模型.jpeg => wsxq2 : 公交安全管理系统逻辑模型.jpeg
2018/11/22 21:32:09 [I] Uploading file /mnt/c/Users/wsxq2/Documents/MY/workspace/wsxq2.github.io/_posts/images/公交安全管理系统题目要求1.PNG => wsxq2 : 公交安全管理系统题目要求1.PNG
2018/11/22 21:32:10 [I] Upload file `/mnt/c/Users/wsxq2/Documents/MY/workspace/wsxq2.github.io/_posts/images/公交安全管理系统物理模型.jpeg` => `wsxq2 : 公交安全管理系统物理模型.jpeg` success
2018/11/22 21:32:11 [I] Uploading file /mnt/c/Users/wsxq2/Documents/MY/workspace/wsxq2.github.io/_posts/images/公交安全管理系统题目要求2.PNG => wsxq2 : 公交安全管理系统题目要求2.PNG
2018/11/22 21:32:11 [I] Upload file `/mnt/c/Users/wsxq2/Documents/MY/workspace/wsxq2.github.io/_posts/images/公交安全管理系统逻辑模型.jpeg` => `wsxq2 : 公交安全管理系统逻辑模型.jpeg` success
2018/11/22 21:32:11 [I] Uploading file /mnt/c/Users/wsxq2/Documents/MY/workspace/wsxq2.github.io/_posts/images/公交安全管理系统题目要求3.PNG => wsxq2 : 公交安全管理系统题目要求3.PNG
2018/11/22 21:32:11 [I] Upload file `/mnt/c/Users/wsxq2/Documents/MY/workspace/wsxq2.github.io/_posts/images/公交安全管理系统题目要求1.PNG` => `wsxq2 : 公交安全管理系统题目要求1.PNG` success
2018/11/22 21:32:11 [I] Uploading file /mnt/c/Users/wsxq2/Documents/MY/workspace/wsxq2.github.io/_posts/images/公交安全管理系统题目要求4.PNG => wsxq2 : 公交安全管理系统题目要求4.PNG
2018/11/22 21:32:11 [I] Upload file `/mnt/c/Users/wsxq2/Documents/MY/workspace/wsxq2.github.io/_posts/images/公交安全管理系统题目要求2.PNG` => `wsxq2 : 公交安全管理系统题目要求2.PNG` success
2018/11/22 21:32:11 [I] Uploading file /mnt/c/Users/wsxq2/Documents/MY/workspace/wsxq2.github.io/_posts/images/单个实体型内的一对多联系示例.png => wsxq2 : 单个实体型内的一对多联系示例.png
2018/11/22 21:32:11 [I] Upload file `/mnt/c/Users/wsxq2/Documents/MY/workspace/wsxq2.github.io/_posts/images/公交安全管理系统题目要求3.PNG` => `wsxq2 : 公交安全管理系统题目要求3.PNG` success
2018/11/22 21:32:11 [I] Uploading file /mnt/c/Users/wsxq2/Documents/MY/workspace/wsxq2.github.io/_posts/images/完整的E-R图.png => wsxq2 : 完整的E-R图.png
2018/11/22 21:32:11 [I] Upload file `/mnt/c/Users/wsxq2/Documents/MY/workspace/wsxq2.github.io/_posts/images/公交安全管理系统题目要求4.PNG` => `wsxq2 : 公交安全管理系统题目要求4.PNG` success
2018/11/22 21:32:11 [I] Upload file `/mnt/c/Users/wsxq2/Documents/MY/workspace/wsxq2.github.io/_posts/images/单个实体型内的一对多联系示例.png` => `wsxq2 : 单个实体型内的一对多联系示例.png` success
2018/11/22 21:32:11 [I] Uploading file /mnt/c/Users/wsxq2/Documents/MY/workspace/wsxq2.github.io/_posts/images/联系的属性.png => wsxq2 : 联系的属性.png
2018/11/22 21:32:11 [I] Upload file `/mnt/c/Users/wsxq2/Documents/MY/workspace/wsxq2.github.io/_posts/images/完整的E-R图.png` => `wsxq2 : 完整的E-R图.png` success
2018/11/22 21:32:11 [I] Upload file `/mnt/c/Users/wsxq2/Documents/MY/workspace/wsxq2.github.io/_posts/images/联系的属性.png` => `wsxq2 : 联系的属性.png` success
2018/11/22 21:32:11 [I] -------------Upload Result--------------
2018/11/22 21:32:11 [I]               Total:        17
2018/11/22 21:32:11 [I]             Success:        17
2018/11/22 21:32:11 [I]             Failure:         0
2018/11/22 21:32:11 [I]        NotOverwrite:         0
2018/11/22 21:32:11 [I]             Skipped:         0
2018/11/22 21:32:11 [I]            Duration:   3.222042395s
2018/11/22 21:32:11 [I] ----------------------------------------
